  MyForm.cpp
C:\Users\1\source\repos\KSKS4\KSKS4\MyForm.h(412,32): warning C4566: символ, представленный универсальным именем символа "\u041E", невозможно представить в текущей кодовой странице (1252)
C:\Users\1\source\repos\KSKS4\KSKS4\MyForm.h(412,32): warning C4566: символ, представленный универсальным именем символа "\u0448", невозможно представить в текущей кодовой странице (1252)
C:\Users\1\source\repos\KSKS4\KSKS4\MyForm.h(412,32): warning C4566: символ, представленный универсальным именем символа "\u0438", невозможно представить в текущей кодовой странице (1252)
C:\Users\1\source\repos\KSKS4\KSKS4\MyForm.h(412,32): warning C4566: символ, представленный универсальным именем символа "\u0431", невозможно представить в текущей кодовой странице (1252)
C:\Users\1\source\repos\KSKS4\KSKS4\MyForm.h(412,32): warning C4566: символ, представленный универсальным именем символа "\u043A", невозможно представить в текущей кодовой странице (1252)
C:\Users\1\source\repos\KSKS4\KSKS4\MyForm.h(412,32): warning C4566: символ, представленный универсальным именем символа "\u0430", невозможно представить в текущей кодовой странице (1252)
C:\Users\1\source\repos\KSKS4\KSKS4\MyForm.h(412,32): warning C4566: символ, представленный универсальным именем символа "\u0412", невозможно представить в текущей кодовой странице (1252)
C:\Users\1\source\repos\KSKS4\KSKS4\MyForm.h(412,32): warning C4566: символ, представленный универсальным именем символа "\u044B", невозможно представить в текущей кодовой странице (1252)
C:\Users\1\source\repos\KSKS4\KSKS4\MyForm.h(412,32): warning C4566: символ, представленный универсальным именем символа "\u0432", невозможно представить в текущей кодовой странице (1252)
C:\Users\1\source\repos\KSKS4\KSKS4\MyForm.h(412,32): warning C4566: символ, представленный универсальным именем символа "\u0435", невозможно представить в текущей кодовой странице (1252)
C:\Users\1\source\repos\KSKS4\KSKS4\MyForm.h(412,32): warning C4566: символ, представленный универсальным именем символа "\u043B", невозможно представить в текущей кодовой странице (1252)
C:\Users\1\source\repos\KSKS4\KSKS4\MyForm.h(412,32): warning C4566: символ, представленный универсальным именем символа "\u043D", невозможно представить в текущей кодовой странице (1252)
C:\Users\1\source\repos\KSKS4\KSKS4\MyForm.h(412,32): warning C4566: символ, представленный универсальным именем символа "\u0440", невозможно представить в текущей кодовой странице (1252)
C:\Users\1\source\repos\KSKS4\KSKS4\MyForm.h(412,32): warning C4566: символ, представленный универсальным именем символа "\u0443", невозможно представить в текущей кодовой странице (1252)
C:\Users\1\source\repos\KSKS4\KSKS4\MyForm.h(412,32): warning C4566: символ, представленный универсальным именем символа "\u044E", невозможно представить в текущей кодовой странице (1252)
C:\Users\1\source\repos\KSKS4\KSKS4\MyForm.h(412,32): warning C4566: символ, представленный универсальным именем символа "\u043E", невозможно представить в текущей кодовой странице (1252)
C:\Users\1\source\repos\KSKS4\KSKS4\MyForm.h(412,32): warning C4566: символ, представленный универсальным именем символа "\u043C", невозможно представить в текущей кодовой странице (1252)
C:\Users\1\source\repos\KSKS4\KSKS4\MyForm.h(412,32): warning C4566: символ, представленный универсальным именем символа "\u0434", невозможно представить в текущей кодовой странице (1252)
C:\Users\1\source\repos\KSKS4\KSKS4\MyForm.h(84,48): warning C4996: 'asctime': This function or variable may be unsafe. Consider using asctime_s instead. To disable deprecation, use _CRT_SECURE_NO_WARNINGS. See online help for details.
C:\Users\1\source\repos\KSKS4\KSKS4\MyForm.h(225,61): warning C4244: аргумент: преобразование "int" в "float", возможна потеря данных
C:\Users\1\source\repos\KSKS4\KSKS4\MyForm.h(228,71): warning C4244: аргумент: преобразование "int" в "float", возможна потеря данных
C:\Users\1\source\repos\KSKS4\KSKS4\MyForm.h(231,67): warning C4244: аргумент: преобразование "int" в "float", возможна потеря данных
C:\Users\1\source\repos\KSKS4\KSKS4\MyForm.h(238,49): warning C4244: аргумент: преобразование "int" в "float", возможна потеря данных
C:\Users\1\source\repos\KSKS4\KSKS4\MyForm.h(238,46): warning C4244: аргумент: преобразование "int" в "float", возможна потеря данных
C:\Users\1\source\repos\KSKS4\KSKS4\MyForm.h(526,61): warning C4101: e: неиспользованная локальная переменная
C:\Users\1\source\repos\KSKS4\KSKS4\MyForm.h(552,61): warning C4101: e: неиспользованная локальная переменная
  .NETFramework,Version=v4.7.2.AssemblyAttributes.cpp
  Создание кода...
  MyForm.obj : обнаружен модуль MSIL; для MSIL последовательная компоновка отключена; выполняется полная компоновка
  KSKS4.vcxproj -> C:\Users\1\source\repos\KSKS4\x64\Debug\KSKS4.exe
